SF:lib/features/drawing/domain/entities/drawing_entities.dart
DA:14,13
DA:21,1
DA:27,1
DA:28,1
DA:29,1
DA:30,1
DA:31,1
DA:47,4
DA:53,0
DA:54,0
DA:55,0
DA:56,0
DA:59,0
DA:60,0
DA:61,0
DA:62,0
DA:77,4
DA:89,0
DA:100,0
DA:101,0
DA:102,0
DA:103,0
DA:104,0
DA:105,0
DA:106,0
DA:107,0
DA:108,0
DA:109,0
LF:28
LH:9
end_of_record
SF:lib/features/drawing/domain/usecases/save_stroke_usecase.dart
DA:7,1
DA:9,1
DA:10,2
LF:3
LH:3
end_of_record
SF:lib/features/drawing/domain/usecases/get_strokes_usecase.dart
DA:7,1
DA:9,1
DA:10,2
LF:3
LH:3
end_of_record
SF:lib/features/drawing/domain/usecases/delete_stroke_usecase.dart
DA:6,1
DA:8,1
DA:9,2
LF:3
LH:3
end_of_record
SF:lib/features/drawing/presentation/viewmodels/drawing_viewmodel.dart
DA:24,1
DA:25,1
DA:26,1
DA:27,1
DA:30,1
DA:31,1
DA:33,4
DA:34,2
DA:37,1
DA:38,3
DA:43,1
DA:46,1
DA:49,1
DA:53,1
DA:58,3
DA:60,1
DA:66,1
DA:67,4
DA:68,5
DA:72,1
DA:73,5
DA:76,1
DA:77,2
DA:78,2
DA:79,5
DA:82,1
DA:83,2
DA:84,3
DA:85,1
DA:86,1
DA:92,0
DA:93,0
DA:94,0
DA:95,0
DA:99,0
DA:101,0
DA:102,0
DA:104,0
DA:107,0
DA:108,0
DA:111,0
DA:112,0
DA:114,0
DA:115,0
DA:116,0
DA:117,0
DA:118,0
DA:119,0
DA:120,0
DA:121,0
DA:122,0
DA:123,0
DA:126,0
DA:127,0
DA:130,0
DA:131,0
DA:133,0
DA:134,0
DA:136,0
DA:137,0
DA:138,0
DA:139,0
DA:140,0
DA:141,0
DA:142,0
DA:144,0
DA:149,0
DA:151,0
DA:152,0
DA:153,0
DA:157,0
DA:158,0
DA:161,1
DA:162,4
DA:163,2
DA:164,4
DA:165,2
DA:167,0
DA:170,4
DA:171,1
DA:175,1
DA:176,2
DA:177,2
LF:83
LH:40
end_of_record
SF:lib/core/utils/helpers.dart
DA:6,0
DA:10,0
DA:11,0
DA:14,0
DA:15,0
DA:18,0
DA:19,0
DA:20,0
DA:21,0
DA:26,0
DA:32,0
DA:33,0
DA:34,0
DA:38,0
DA:44,0
DA:45,0
DA:46,0
LF:17
LH:0
end_of_record
SF:lib/features/settings/domain/entities/app_settings_entity.dart
DA:10,2
DA:17,1
DA:23,1
DA:24,1
DA:25,1
DA:26,1
DA:28,1
LF:7
LH:7
end_of_record
SF:lib/features/settings/domain/usecases/get_settings_usecase.dart
DA:7,0
DA:9,0
DA:10,0
LF:3
LH:0
end_of_record
SF:lib/features/settings/domain/usecases/update_settings_usecase.dart
DA:7,0
DA:9,0
DA:10,0
LF:3
LH:0
end_of_record
SF:lib/features/settings/presentation/viewmodels/settings_viewmodel.dart
DA:15,1
DA:17,1
DA:18,1
DA:21,1
DA:22,2
DA:24,2
DA:25,2
DA:26,2
DA:28,2
DA:32,1
DA:33,3
DA:34,1
DA:35,1
DA:38,1
DA:39,3
DA:40,1
DA:43,1
DA:44,3
DA:45,1
DA:48,1
DA:49,3
DA:50,1
DA:53,1
DA:54,2
DA:55,2
DA:58,1
DA:59,2
LF:27
LH:27
end_of_record
SF:lib/features/drawing/presentation/widgets/drawing_canvas.dart
DA:10,1
DA:16,1
DA:18,1
DA:19,1
DA:20,0
DA:21,0
DA:23,0
DA:24,0
DA:26,0
DA:27,0
DA:29,3
DA:30,1
DA:31,2
DA:32,3
DA:33,3
DA:34,3
DA:48,1
DA:55,1
DA:57,2
DA:58,1
DA:61,1
DA:62,0
DA:66,1
DA:67,2
DA:69,1
DA:70,5
DA:71,2
DA:72,1
DA:73,1
DA:74,1
DA:76,2
DA:77,0
DA:80,1
DA:81,7
DA:83,4
DA:84,3
DA:85,2
DA:87,4
DA:88,4
DA:90,3
DA:93,1
DA:96,0
DA:97,0
DA:99,0
DA:100,0
DA:101,0
DA:102,0
DA:103,0
DA:104,0
DA:106,0
DA:107,0
DA:110,0
DA:111,0
DA:113,0
DA:114,0
DA:115,0
DA:117,0
DA:118,0
DA:120,0
DA:123,0
DA:126,0
LF:61
LH:33
end_of_record
SF:lib/features/audio_notes/domain/entities/audio_pin_entity.dart
DA:11,4
DA:22,0
DA:32,0
DA:33,0
DA:34,0
DA:35,0
DA:36,0
DA:37,0
DA:38,0
DA:39,0
DA:40,0
DA:44,1
DA:47,0
DA:48,0
DA:49,0
DA:51,0
DA:52,0
LF:17
LH:2
end_of_record
SF:lib/features/audio_notes/domain/usecases/create_audio_pin_usecase.dart
DA:7,1
DA:9,1
DA:10,2
LF:3
LH:3
end_of_record
SF:lib/features/audio_notes/domain/usecases/get_audio_pins_usecase.dart
DA:7,1
DA:9,1
DA:10,2
LF:3
LH:3
end_of_record
SF:lib/features/audio_notes/domain/usecases/delete_audio_pin_usecase.dart
DA:6,1
DA:8,1
DA:9,2
LF:3
LH:3
end_of_record
SF:lib/core/services/audio_service.dart
DA:13,0
DA:14,0
DA:16,0
DA:17,0
DA:18,0
DA:19,0
DA:20,0
DA:22,0
DA:25,0
DA:26,0
DA:29,0
DA:30,0
DA:32,0
DA:35,0
DA:36,0
DA:37,0
DA:39,0
DA:45,0
DA:48,0
DA:49,0
DA:52,0
DA:53,0
DA:55,0
DA:56,0
DA:60,0
DA:61,0
DA:62,0
DA:63,0
DA:64,0
DA:65,0
DA:66,0
DA:70,0
DA:71,0
DA:74,0
DA:75,0
DA:76,0
DA:78,0
DA:79,0
DA:80,0
DA:83,0
DA:84,0
DA:85,0
DA:88,0
DA:89,0
DA:90,0
DA:93,0
DA:94,0
DA:95,0
DA:98,0
DA:99,0
DA:101,0
DA:102,0
DA:103,0
DA:104,0
DA:105,0
DA:109,0
DA:110,0
DA:111,0
DA:112,0
DA:116,0
DA:117,0
DA:118,0
LF:62
LH:0
end_of_record
SF:lib/features/audio_notes/presentation/viewmodels/audio_notes_viewmodel.dart
DA:28,1
DA:29,1
DA:30,1
DA:31,1
DA:34,1
DA:35,1
DA:37,4
DA:38,2
DA:41,1
DA:42,2
DA:45,1
DA:46,1
DA:47,1
DA:50,0
DA:51,0
DA:53,0
DA:55,0
DA:56,0
DA:60,0
DA:61,0
DA:63,0
DA:64,0
DA:65,0
DA:67,0
DA:68,0
DA:69,0
DA:70,0
DA:71,0
DA:72,0
DA:75,0
DA:78,0
DA:79,0
DA:82,0
DA:83,0
DA:84,0
DA:85,0
DA:88,0
DA:89,0
DA:90,0
DA:91,0
DA:92,0
DA:93,0
DA:96,0
DA:97,0
DA:98,0
DA:101,0
DA:102,0
DA:103,0
DA:105,0
DA:106,0
DA:107,0
DA:108,0
DA:113,1
DA:114,2
DA:115,2
DA:116,2
DA:119,1
DA:120,3
DA:121,3
DA:122,6
DA:125,0
DA:127,0
DA:128,0
LF:63
LH:21
end_of_record
SF:lib/features/audio_notes/presentation/widgets/audio_pin_overlay.dart
DA:12,1
DA:20,1
DA:22,1
DA:23,1
DA:24,3
DA:25,4
DA:26,3
DA:27,3
DA:29,1
DA:30,1
DA:31,1
DA:32,1
DA:33,3
DA:34,0
DA:35,1
DA:37,5
DA:41,1
DA:47,0
DA:48,0
DA:50,0
DA:53,0
DA:54,0
DA:55,0
DA:58,0
DA:59,0
DA:60,0
DA:61,0
DA:75,1
DA:80,1
DA:82,1
DA:85,1
DA:86,1
DA:87,3
DA:88,3
DA:90,1
DA:91,1
DA:92,1
DA:98,1
DA:99,1
LF:39
LH:28
end_of_record
SF:lib/features/document/domain/entities/document_entity.dart
DA:10,3
DA:20,0
DA:29,0
DA:30,0
DA:31,0
DA:32,0
DA:33,0
DA:34,0
DA:35,0
DA:36,0
DA:40,1
DA:43,0
DA:44,0
DA:45,0
DA:47,0
DA:48,0
LF:16
LH:2
end_of_record
SF:lib/features/document/domain/usecases/import_document_usecase.dart
DA:7,1
DA:9,1
DA:10,2
LF:3
LH:3
end_of_record
SF:lib/features/document/domain/usecases/get_recent_documents_usecase.dart
DA:7,1
DA:9,1
DA:10,2
LF:3
LH:3
end_of_record
SF:lib/features/document/domain/usecases/delete_document_usecase.dart
DA:6,1
DA:8,1
DA:9,2
LF:3
LH:3
end_of_record
SF:lib/features/document/presentation/viewmodels/document_viewmodel.dart
DA:16,1
DA:18,1
DA:19,1
DA:22,1
DA:23,2
DA:24,2
DA:26,2
DA:27,2
DA:29,0
DA:31,2
DA:35,1
DA:36,2
DA:37,2
DA:39,2
DA:40,2
DA:43,3
DA:46,2
DA:50,1
DA:51,2
DA:52,2
DA:54,2
DA:55,5
DA:57,3
DA:59,2
DA:63,0
DA:64,0
DA:65,0
DA:66,0
DA:67,0
LF:29
LH:23
end_of_record
